Started GET "/" for 127.0.0.1 at 2017-11-01 14:21:50 +0800
Processing by Rails::WelcomeController#index as HTML
  Rendering /Users/likun/.rvm/gems/ruby-2.4.1/gems/railties-5.1.4/lib/rails/templates/rails/welcome/index.html.erb
  Rendered /Users/likun/.rvm/gems/ruby-2.4.1/gems/railties-5.1.4/lib/rails/templates/rails/welcome/index.html.erb (2.7ms)
Completed 200 OK in 204ms (Views: 7.7ms)


Started GET "/greetings/hello" for 127.0.0.1 at 2017-11-01 14:34:47 +0800
Processing by GreetingsController#hello as HTML
  Rendering greetings/hello.html.erb within layouts/application
  Rendered greetings/hello.html.erb within layouts/application (0.7ms)
Completed 200 OK in 370ms (Views: 240.8ms)


Started GET "/greetings/hello" for 127.0.0.1 at 2017-11-01 14:47:26 +0800
Processing by GreetingsController#hello as HTML
  Rendering greetings/hello.html.erb within layouts/application
  Rendered greetings/hello.html.erb within layouts/application (0.9ms)
Completed 200 OK in 250ms (Views: 115.4ms)


Started GET "/greetings/hello" for 127.0.0.1 at 2017-11-01 14:55:12 +0800
Processing by GreetingsController#hello as HTML
  Rendering greetings/hello.html.erb within layouts/application
  Rendered greetings/hello.html.erb within layouts/application (0.7ms)
Completed 200 OK in 284ms (Views: 155.0ms)


Started GET "/greetings/hello" for 127.0.0.1 at 2017-11-01 14:55:18 +0800
Processing by GreetingsController#hello as HTML
  Rendering greetings/hello.html.erb within layouts/application
  Rendered greetings/hello.html.erb within layouts/application (0.5ms)
Completed 200 OK in 31ms (Views: 29.4ms)


Started GET "/greetings/hello" for 127.0.0.1 at 2017-11-01 14:55:22 +0800
Processing by GreetingsController#hello as HTML
  Rendering greetings/hello.html.erb within layouts/application
  Rendered greetings/hello.html.erb within layouts/application (0.4ms)
Completed 200 OK in 15ms (Views: 13.7ms)


Started GET "/grades?course_id=1" for 127.0.0.1 at 2017-11-01 14:55:23 +0800
  
ActionController::RoutingError (No route matches [GET] "/grades"):
  
actionpack (5.1.4) lib/action_dispatch/middleware/debug_exceptions.rb:63:in `call'
web-console (3.5.1) lib/web_console/middleware.rb:135:in `call_app'
web-console (3.5.1) lib/web_console/middleware.rb:28:in `block in call'
web-console (3.5.1) lib/web_console/middleware.rb:18:in `catch'
web-console (3.5.1) lib/web_console/middleware.rb:18:in `call'
actionpack (5.1.4) lib/action_dispatch/middleware/show_exceptions.rb:31:in `call'
railties (5.1.4) lib/rails/rack/logger.rb:36:in `call_app'
railties (5.1.4) lib/rails/rack/logger.rb:24:in `block in call'
activesupport (5.1.4) lib/active_support/tagged_logging.rb:69:in `block in tagged'
activesupport (5.1.4) lib/active_support/tagged_logging.rb:26:in `tagged'
activesupport (5.1.4) lib/active_support/tagged_logging.rb:69:in `tagged'
railties (5.1.4) lib/rails/rack/logger.rb:24:in `call'
sprockets-rails (3.2.1) lib/sprockets/rails/quiet_assets.rb:13:in `call'
actionpack (5.1.4) lib/action_dispatch/middleware/remote_ip.rb:79:in `call'
actionpack (5.1.4) lib/action_dispatch/middleware/request_id.rb:25:in `call'
rack (2.0.3) lib/rack/method_override.rb:22:in `call'
rack (2.0.3) lib/rack/runtime.rb:22:in `call'
activesupport (5.1.4) lib/active_support/cache/strategy/local_cache_middleware.rb:27:in `call'
actionpack (5.1.4) lib/action_dispatch/middleware/executor.rb:12:in `call'
actionpack (5.1.4) lib/action_dispatch/middleware/static.rb:125:in `call'
rack (2.0.3) lib/rack/sendfile.rb:111:in `call'
railties (5.1.4) lib/rails/engine.rb:522:in `call'
puma (3.10.0) lib/puma/configuration.rb:225:in `call'
puma (3.10.0) lib/puma/server.rb:605:in `handle_request'
puma (3.10.0) lib/puma/server.rb:437:in `process_client'
puma (3.10.0) lib/puma/server.rb:301:in `block in run'
puma (3.10.0) lib/puma/thread_pool.rb:120:in `block in spawn_thread'
Started GET "/goodbye/bye" for 127.0.0.1 at 2017-11-01 14:55:28 +0800
Processing by GoodbyeController#bye as HTML
  Rendering goodbye/bye.html.erb within layouts/application
  Rendered goodbye/bye.html.erb within layouts/application (0.6ms)
Completed 200 OK in 30ms (Views: 28.0ms)


Started GET "/greetings/hello" for 127.0.0.1 at 2017-11-01 14:55:33 +0800
Processing by GreetingsController#hello as HTML
  Rendering greetings/hello.html.erb within layouts/application
  Rendered greetings/hello.html.erb within layouts/application (0.8ms)
Completed 200 OK in 29ms (Views: 26.9ms)


Started GET "/greetings/hello" for 127.0.0.1 at 2017-11-01 14:57:41 +0800
Processing by GreetingsController#hello as HTML
  Rendering greetings/hello.html.erb within layouts/application
  Rendered greetings/hello.html.erb within layouts/application (1.0ms)
Completed 200 OK in 246ms (Views: 119.6ms)


Started GET "/goodbye/bye" for 127.0.0.1 at 2017-11-01 14:57:50 +0800
Processing by GoodbyeController#bye as HTML
  Rendering goodbye/bye.html.erb within layouts/application
  Rendered goodbye/bye.html.erb within layouts/application (0.3ms)
Completed 200 OK in 19ms (Views: 14.9ms)


Started GET "/greetings/hello" for 127.0.0.1 at 2017-11-01 14:57:59 +0800
Processing by GreetingsController#hello as HTML
  Rendering greetings/hello.html.erb within layouts/application
  Rendered greetings/hello.html.erb within layouts/application (1.7ms)
Completed 200 OK in 26ms (Views: 23.6ms)


Started GET "/greetings/hello" for 127.0.0.1 at 2017-11-01 14:59:28 +0800
Processing by GreetingsController#hello as HTML
  Rendering greetings/hello.html.erb within layouts/application
  Rendered greetings/hello.html.erb within layouts/application (0.7ms)
Completed 200 OK in 227ms (Views: 106.8ms)


Started GET "/goodbye/bye" for 127.0.0.1 at 2017-11-01 15:03:24 +0800
Processing by GoodbyeController#bye as HTML
  Rendering goodbye/bye.html.erb within layouts/application
  Rendered goodbye/bye.html.erb within layouts/application (0.5ms)
Completed 200 OK in 17ms (Views: 13.8ms)


Started GET "/" for 127.0.0.1 at 2017-11-04 00:27:43 +0800
  
ActiveRecord::PendingMigrationError (

Migrations are pending. To resolve this issue, run:

        bin/rails db:migrate RAILS_ENV=development

):
  
activerecord (5.1.4) lib/active_record/migration.rb:576:in `check_pending!'
activerecord (5.1.4) lib/active_record/migration.rb:553:in `call'
actionpack (5.1.4) lib/action_dispatch/middleware/callbacks.rb:26:in `block in call'
activesupport (5.1.4) lib/active_support/callbacks.rb:97:in `run_callbacks'
actionpack (5.1.4) lib/action_dispatch/middleware/callbacks.rb:24:in `call'
actionpack (5.1.4) lib/action_dispatch/middleware/executor.rb:12:in `call'
actionpack (5.1.4) lib/action_dispatch/middleware/debug_exceptions.rb:59:in `call'
web-console (3.5.1) lib/web_console/middleware.rb:135:in `call_app'
web-console (3.5.1) lib/web_console/middleware.rb:28:in `block in call'
web-console (3.5.1) lib/web_console/middleware.rb:18:in `catch'
web-console (3.5.1) lib/web_console/middleware.rb:18:in `call'
actionpack (5.1.4) lib/action_dispatch/middleware/show_exceptions.rb:31:in `call'
railties (5.1.4) lib/rails/rack/logger.rb:36:in `call_app'
railties (5.1.4) lib/rails/rack/logger.rb:24:in `block in call'
activesupport (5.1.4) lib/active_support/tagged_logging.rb:69:in `block in tagged'
activesupport (5.1.4) lib/active_support/tagged_logging.rb:26:in `tagged'
activesupport (5.1.4) lib/active_support/tagged_logging.rb:69:in `tagged'
railties (5.1.4) lib/rails/rack/logger.rb:24:in `call'
sprockets-rails (3.2.1) lib/sprockets/rails/quiet_assets.rb:13:in `call'
actionpack (5.1.4) lib/action_dispatch/middleware/remote_ip.rb:79:in `call'
actionpack (5.1.4) lib/action_dispatch/middleware/request_id.rb:25:in `call'
rack (2.0.3) lib/rack/method_override.rb:22:in `call'
rack (2.0.3) lib/rack/runtime.rb:22:in `call'
activesupport (5.1.4) lib/active_support/cache/strategy/local_cache_middleware.rb:27:in `call'
actionpack (5.1.4) lib/action_dispatch/middleware/executor.rb:12:in `call'
actionpack (5.1.4) lib/action_dispatch/middleware/static.rb:125:in `call'
rack (2.0.3) lib/rack/sendfile.rb:111:in `call'
railties (5.1.4) lib/rails/engine.rb:522:in `call'
puma (3.10.0) lib/puma/configuration.rb:225:in `call'
puma (3.10.0) lib/puma/server.rb:605:in `handle_request'
puma (3.10.0) lib/puma/server.rb:437:in `process_client'
puma (3.10.0) lib/puma/server.rb:301:in `block in run'
puma (3.10.0) lib/puma/thread_pool.rb:120:in `block in spawn_thread'
Started GET "/" for 127.0.0.1 at 2017-11-04 00:29:51 +0800
  
ActiveRecord::PendingMigrationError (

Migrations are pending. To resolve this issue, run:

        bin/rails db:migrate RAILS_ENV=development

):
  
activerecord (5.1.4) lib/active_record/migration.rb:576:in `check_pending!'
activerecord (5.1.4) lib/active_record/migration.rb:553:in `call'
actionpack (5.1.4) lib/action_dispatch/middleware/callbacks.rb:26:in `block in call'
activesupport (5.1.4) lib/active_support/callbacks.rb:97:in `run_callbacks'
actionpack (5.1.4) lib/action_dispatch/middleware/callbacks.rb:24:in `call'
actionpack (5.1.4) lib/action_dispatch/middleware/executor.rb:12:in `call'
actionpack (5.1.4) lib/action_dispatch/middleware/debug_exceptions.rb:59:in `call'
web-console (3.5.1) lib/web_console/middleware.rb:135:in `call_app'
web-console (3.5.1) lib/web_console/middleware.rb:28:in `block in call'
web-console (3.5.1) lib/web_console/middleware.rb:18:in `catch'
web-console (3.5.1) lib/web_console/middleware.rb:18:in `call'
actionpack (5.1.4) lib/action_dispatch/middleware/show_exceptions.rb:31:in `call'
railties (5.1.4) lib/rails/rack/logger.rb:36:in `call_app'
railties (5.1.4) lib/rails/rack/logger.rb:24:in `block in call'
activesupport (5.1.4) lib/active_support/tagged_logging.rb:69:in `block in tagged'
activesupport (5.1.4) lib/active_support/tagged_logging.rb:26:in `tagged'
activesupport (5.1.4) lib/active_support/tagged_logging.rb:69:in `tagged'
railties (5.1.4) lib/rails/rack/logger.rb:24:in `call'
sprockets-rails (3.2.1) lib/sprockets/rails/quiet_assets.rb:13:in `call'
actionpack (5.1.4) lib/action_dispatch/middleware/remote_ip.rb:79:in `call'
actionpack (5.1.4) lib/action_dispatch/middleware/request_id.rb:25:in `call'
rack (2.0.3) lib/rack/method_override.rb:22:in `call'
rack (2.0.3) lib/rack/runtime.rb:22:in `call'
activesupport (5.1.4) lib/active_support/cache/strategy/local_cache_middleware.rb:27:in `call'
actionpack (5.1.4) lib/action_dispatch/middleware/executor.rb:12:in `call'
actionpack (5.1.4) lib/action_dispatch/middleware/static.rb:125:in `call'
rack (2.0.3) lib/rack/sendfile.rb:111:in `call'
railties (5.1.4) lib/rails/engine.rb:522:in `call'
puma (3.10.0) lib/puma/configuration.rb:225:in `call'
puma (3.10.0) lib/puma/server.rb:605:in `handle_request'
puma (3.10.0) lib/puma/server.rb:437:in `process_client'
puma (3.10.0) lib/puma/server.rb:301:in `block in run'
puma (3.10.0) lib/puma/thread_pool.rb:120:in `block in spawn_thread'
  [1m[35m (0.1ms)[0m  [1m[34mSELECT sqlite_version(*)[0m
  [1m[35m (1.5ms)[0m  [1m[35mCREATE TABLE "schema_migrations" ("version" varchar NOT NULL PRIMARY KEY)[0m
  [1m[35m (1.0ms)[0m  [1m[35mCREATE TABLE "ar_internal_metadata" ("key" varchar NOT NULL PRIMARY KEY, "value" varchar, "created_at" datetime NOT NULL, "updated_at" datetime NOT NULL)[0m
  [1m[35m (0.2ms)[0m  [1m[34mSELECT "schema_migrations"."version" FROM "schema_migrations" ORDER BY "schema_migrations"."version" ASC[0m
Migrating to CreateCourses (20171101105937)
  [1m[35m (0.1ms)[0m  [1m[36mbegin transaction[0m
  [1m[35m (0.3ms)[0m  [1m[35mCREATE TABLE "courses" ("id" INTEGER PRIMARY KEY AUTOINCREMENT NOT NULL, "name" varchar, "course_code" varchar, "course_type" varchar, "teaching_type" varchar, "exam_type" varchar, "credit" varchar, "limit_num" integer, "student_num" integer, "classroom" varchar, "course_time" varchar, "course_week" varchar, "created_at" datetime NOT NULL, "updated_at" datetime NOT NULL)[0m
  [1m[35mSQL (0.1ms)[0m  [1m[32mINSERT INTO "schema_migrations" ("version") VALUES (?)[0m  [["version", "20171101105937"]]
  [1m[35m (1.3ms)[0m  [1m[36mcommit transaction[0m
  [1m[36mActiveRecord::InternalMetadata Load (0.2ms)[0m  [1m[34mSELECT  "ar_internal_metadata".* FROM "ar_internal_metadata" WHERE "ar_internal_metadata"."key" = ? LIMIT ?[0m  [["key", "environment"], ["LIMIT", 1]]
  [1m[35m (0.0ms)[0m  [1m[36mbegin transaction[0m
  [1m[35mSQL (0.3ms)[0m  [1m[32mINSERT INTO "ar_internal_metadata" ("key", "value", "created_at", "updated_at") VALUES (?, ?, ?, ?)[0m  [["key", "environment"], ["value", "development"], ["created_at", "2017-11-03 16:35:09.945301"], ["updated_at", "2017-11-03 16:35:09.945301"]]
  [1m[35m (1.0ms)[0m  [1m[36mcommit transaction[0m
  [1m[35m (0.1ms)[0m  [1m[34mSELECT "schema_migrations"."version" FROM "schema_migrations" ORDER BY "schema_migrations"."version" ASC[0m
Started GET "/" for 127.0.0.1 at 2017-11-04 00:35:47 +0800
  [1m[35m (0.1ms)[0m  [1m[34mSELECT "schema_migrations"."version" FROM "schema_migrations" ORDER BY "schema_migrations"."version" ASC[0m
Processing by Rails::WelcomeController#index as HTML
  Rendering /Users/likun/.rvm/gems/ruby-2.4.1/gems/railties-5.1.4/lib/rails/templates/rails/welcome/index.html.erb
  Rendered /Users/likun/.rvm/gems/ruby-2.4.1/gems/railties-5.1.4/lib/rails/templates/rails/welcome/index.html.erb (2.4ms)
Completed 200 OK in 16ms (Views: 6.4ms | ActiveRecord: 0.0ms)


Started GET "/" for 127.0.0.1 at 2017-11-04 00:35:55 +0800
Processing by Rails::WelcomeController#index as HTML
  Rendering /Users/likun/.rvm/gems/ruby-2.4.1/gems/railties-5.1.4/lib/rails/templates/rails/welcome/index.html.erb
  Rendered /Users/likun/.rvm/gems/ruby-2.4.1/gems/railties-5.1.4/lib/rails/templates/rails/welcome/index.html.erb (1.6ms)
Completed 200 OK in 5ms (Views: 3.1ms | ActiveRecord: 0.0ms)


Started GET "/hello" for 127.0.0.1 at 2017-11-04 00:36:01 +0800
  
ActionController::RoutingError (No route matches [GET] "/hello"):
  
actionpack (5.1.4) lib/action_dispatch/middleware/debug_exceptions.rb:63:in `call'
web-console (3.5.1) lib/web_console/middleware.rb:135:in `call_app'
web-console (3.5.1) lib/web_console/middleware.rb:28:in `block in call'
web-console (3.5.1) lib/web_console/middleware.rb:18:in `catch'
web-console (3.5.1) lib/web_console/middleware.rb:18:in `call'
actionpack (5.1.4) lib/action_dispatch/middleware/show_exceptions.rb:31:in `call'
railties (5.1.4) lib/rails/rack/logger.rb:36:in `call_app'
railties (5.1.4) lib/rails/rack/logger.rb:24:in `block in call'
activesupport (5.1.4) lib/active_support/tagged_logging.rb:69:in `block in tagged'
activesupport (5.1.4) lib/active_support/tagged_logging.rb:26:in `tagged'
activesupport (5.1.4) lib/active_support/tagged_logging.rb:69:in `tagged'
railties (5.1.4) lib/rails/rack/logger.rb:24:in `call'
sprockets-rails (3.2.1) lib/sprockets/rails/quiet_assets.rb:13:in `call'
actionpack (5.1.4) lib/action_dispatch/middleware/remote_ip.rb:79:in `call'
actionpack (5.1.4) lib/action_dispatch/middleware/request_id.rb:25:in `call'
rack (2.0.3) lib/rack/method_override.rb:22:in `call'
rack (2.0.3) lib/rack/runtime.rb:22:in `call'
activesupport (5.1.4) lib/active_support/cache/strategy/local_cache_middleware.rb:27:in `call'
actionpack (5.1.4) lib/action_dispatch/middleware/executor.rb:12:in `call'
actionpack (5.1.4) lib/action_dispatch/middleware/static.rb:125:in `call'
rack (2.0.3) lib/rack/sendfile.rb:111:in `call'
railties (5.1.4) lib/rails/engine.rb:522:in `call'
puma (3.10.0) lib/puma/configuration.rb:225:in `call'
puma (3.10.0) lib/puma/server.rb:605:in `handle_request'
puma (3.10.0) lib/puma/server.rb:437:in `process_client'
puma (3.10.0) lib/puma/server.rb:301:in `block in run'
puma (3.10.0) lib/puma/thread_pool.rb:120:in `block in spawn_thread'
Started GET "/hello" for 127.0.0.1 at 2017-11-04 00:36:06 +0800
  
ActionController::RoutingError (No route matches [GET] "/hello"):
  
actionpack (5.1.4) lib/action_dispatch/middleware/debug_exceptions.rb:63:in `call'
web-console (3.5.1) lib/web_console/middleware.rb:135:in `call_app'
web-console (3.5.1) lib/web_console/middleware.rb:28:in `block in call'
web-console (3.5.1) lib/web_console/middleware.rb:18:in `catch'
web-console (3.5.1) lib/web_console/middleware.rb:18:in `call'
actionpack (5.1.4) lib/action_dispatch/middleware/show_exceptions.rb:31:in `call'
railties (5.1.4) lib/rails/rack/logger.rb:36:in `call_app'
railties (5.1.4) lib/rails/rack/logger.rb:24:in `block in call'
activesupport (5.1.4) lib/active_support/tagged_logging.rb:69:in `block in tagged'
activesupport (5.1.4) lib/active_support/tagged_logging.rb:26:in `tagged'
activesupport (5.1.4) lib/active_support/tagged_logging.rb:69:in `tagged'
railties (5.1.4) lib/rails/rack/logger.rb:24:in `call'
sprockets-rails (3.2.1) lib/sprockets/rails/quiet_assets.rb:13:in `call'
actionpack (5.1.4) lib/action_dispatch/middleware/remote_ip.rb:79:in `call'
actionpack (5.1.4) lib/action_dispatch/middleware/request_id.rb:25:in `call'
rack (2.0.3) lib/rack/method_override.rb:22:in `call'
rack (2.0.3) lib/rack/runtime.rb:22:in `call'
activesupport (5.1.4) lib/active_support/cache/strategy/local_cache_middleware.rb:27:in `call'
actionpack (5.1.4) lib/action_dispatch/middleware/executor.rb:12:in `call'
actionpack (5.1.4) lib/action_dispatch/middleware/static.rb:125:in `call'
rack (2.0.3) lib/rack/sendfile.rb:111:in `call'
railties (5.1.4) lib/rails/engine.rb:522:in `call'
puma (3.10.0) lib/puma/configuration.rb:225:in `call'
puma (3.10.0) lib/puma/server.rb:605:in `handle_request'
puma (3.10.0) lib/puma/server.rb:437:in `process_client'
puma (3.10.0) lib/puma/server.rb:301:in `block in run'
puma (3.10.0) lib/puma/thread_pool.rb:120:in `block in spawn_thread'
Started GET "/" for 127.0.0.1 at 2017-11-04 00:36:08 +0800
Processing by Rails::WelcomeController#index as HTML
  Rendering /Users/likun/.rvm/gems/ruby-2.4.1/gems/railties-5.1.4/lib/rails/templates/rails/welcome/index.html.erb
  Rendered /Users/likun/.rvm/gems/ruby-2.4.1/gems/railties-5.1.4/lib/rails/templates/rails/welcome/index.html.erb (1.6ms)
Completed 200 OK in 5ms (Views: 3.1ms | ActiveRecord: 0.0ms)


Started GET "/goodbye/bye" for 127.0.0.1 at 2017-11-04 00:36:31 +0800
Processing by GoodbyeController#bye as HTML
  Rendering goodbye/bye.html.erb within layouts/application
  Rendered goodbye/bye.html.erb within layouts/application (0.3ms)
Completed 200 OK in 255ms (Views: 252.2ms | ActiveRecord: 0.0ms)


Started GET "/goodbye/bye" for 127.0.0.1 at 2017-11-04 00:37:44 +0800
Processing by GoodbyeController#bye as HTML
  Rendering goodbye/bye.html.erb within layouts/application
  Rendered goodbye/bye.html.erb within layouts/application (0.3ms)
Completed 200 OK in 13ms (Views: 12.0ms | ActiveRecord: 0.0ms)


Started GET "/grades?course_id=1" for 127.0.0.1 at 2017-11-04 00:37:45 +0800
  
ActionController::RoutingError (No route matches [GET] "/grades"):
  
actionpack (5.1.4) lib/action_dispatch/middleware/debug_exceptions.rb:63:in `call'
web-console (3.5.1) lib/web_console/middleware.rb:135:in `call_app'
web-console (3.5.1) lib/web_console/middleware.rb:28:in `block in call'
web-console (3.5.1) lib/web_console/middleware.rb:18:in `catch'
web-console (3.5.1) lib/web_console/middleware.rb:18:in `call'
actionpack (5.1.4) lib/action_dispatch/middleware/show_exceptions.rb:31:in `call'
railties (5.1.4) lib/rails/rack/logger.rb:36:in `call_app'
railties (5.1.4) lib/rails/rack/logger.rb:24:in `block in call'
activesupport (5.1.4) lib/active_support/tagged_logging.rb:69:in `block in tagged'
activesupport (5.1.4) lib/active_support/tagged_logging.rb:26:in `tagged'
activesupport (5.1.4) lib/active_support/tagged_logging.rb:69:in `tagged'
railties (5.1.4) lib/rails/rack/logger.rb:24:in `call'
sprockets-rails (3.2.1) lib/sprockets/rails/quiet_assets.rb:13:in `call'
actionpack (5.1.4) lib/action_dispatch/middleware/remote_ip.rb:79:in `call'
actionpack (5.1.4) lib/action_dispatch/middleware/request_id.rb:25:in `call'
rack (2.0.3) lib/rack/method_override.rb:22:in `call'
rack (2.0.3) lib/rack/runtime.rb:22:in `call'
activesupport (5.1.4) lib/active_support/cache/strategy/local_cache_middleware.rb:27:in `call'
actionpack (5.1.4) lib/action_dispatch/middleware/executor.rb:12:in `call'
actionpack (5.1.4) lib/action_dispatch/middleware/static.rb:125:in `call'
rack (2.0.3) lib/rack/sendfile.rb:111:in `call'
railties (5.1.4) lib/rails/engine.rb:522:in `call'
puma (3.10.0) lib/puma/configuration.rb:225:in `call'
puma (3.10.0) lib/puma/server.rb:605:in `handle_request'
puma (3.10.0) lib/puma/server.rb:437:in `process_client'
puma (3.10.0) lib/puma/server.rb:301:in `block in run'
puma (3.10.0) lib/puma/thread_pool.rb:120:in `block in spawn_thread'
Started GET "/greetings/hello" for 127.0.0.1 at 2017-11-04 00:37:46 +0800
Processing by GreetingsController#hello as HTML
  Rendering greetings/hello.html.erb within layouts/application
  Rendered greetings/hello.html.erb within layouts/application (0.5ms)
Completed 200 OK in 17ms (Views: 14.7ms | ActiveRecord: 0.0ms)


Started GET "/greetings/hello" for 127.0.0.1 at 2017-11-04 00:37:47 +0800
Processing by GreetingsController#hello as HTML
  Rendering greetings/hello.html.erb within layouts/application
  Rendered greetings/hello.html.erb within layouts/application (0.4ms)
Completed 200 OK in 16ms (Views: 15.1ms | ActiveRecord: 0.0ms)


Started GET "/greetings/hello" for 127.0.0.1 at 2017-11-04 00:38:23 +0800
Processing by GreetingsController#hello as HTML
  Rendering greetings/hello.html.erb within layouts/application
  Rendered greetings/hello.html.erb within layouts/application (0.4ms)
Completed 200 OK in 14ms (Views: 13.0ms | ActiveRecord: 0.0ms)


Started GET "/grades?course_id=1" for 127.0.0.1 at 2017-11-04 00:38:25 +0800
  
ActionController::RoutingError (No route matches [GET] "/grades"):
  
actionpack (5.1.4) lib/action_dispatch/middleware/debug_exceptions.rb:63:in `call'
web-console (3.5.1) lib/web_console/middleware.rb:135:in `call_app'
web-console (3.5.1) lib/web_console/middleware.rb:28:in `block in call'
web-console (3.5.1) lib/web_console/middleware.rb:18:in `catch'
web-console (3.5.1) lib/web_console/middleware.rb:18:in `call'
actionpack (5.1.4) lib/action_dispatch/middleware/show_exceptions.rb:31:in `call'
railties (5.1.4) lib/rails/rack/logger.rb:36:in `call_app'
railties (5.1.4) lib/rails/rack/logger.rb:24:in `block in call'
activesupport (5.1.4) lib/active_support/tagged_logging.rb:69:in `block in tagged'
activesupport (5.1.4) lib/active_support/tagged_logging.rb:26:in `tagged'
activesupport (5.1.4) lib/active_support/tagged_logging.rb:69:in `tagged'
railties (5.1.4) lib/rails/rack/logger.rb:24:in `call'
sprockets-rails (3.2.1) lib/sprockets/rails/quiet_assets.rb:13:in `call'
actionpack (5.1.4) lib/action_dispatch/middleware/remote_ip.rb:79:in `call'
actionpack (5.1.4) lib/action_dispatch/middleware/request_id.rb:25:in `call'
rack (2.0.3) lib/rack/method_override.rb:22:in `call'
rack (2.0.3) lib/rack/runtime.rb:22:in `call'
activesupport (5.1.4) lib/active_support/cache/strategy/local_cache_middleware.rb:27:in `call'
actionpack (5.1.4) lib/action_dispatch/middleware/executor.rb:12:in `call'
actionpack (5.1.4) lib/action_dispatch/middleware/static.rb:125:in `call'
rack (2.0.3) lib/rack/sendfile.rb:111:in `call'
railties (5.1.4) lib/rails/engine.rb:522:in `call'
puma (3.10.0) lib/puma/configuration.rb:225:in `call'
puma (3.10.0) lib/puma/server.rb:605:in `handle_request'
puma (3.10.0) lib/puma/server.rb:437:in `process_client'
puma (3.10.0) lib/puma/server.rb:301:in `block in run'
puma (3.10.0) lib/puma/thread_pool.rb:120:in `block in spawn_thread'
Started GET "/" for 127.0.0.1 at 2017-11-04 00:38:25 +0800
Processing by Rails::WelcomeController#index as HTML
  Rendering /Users/likun/.rvm/gems/ruby-2.4.1/gems/railties-5.1.4/lib/rails/templates/rails/welcome/index.html.erb
  Rendered /Users/likun/.rvm/gems/ruby-2.4.1/gems/railties-5.1.4/lib/rails/templates/rails/welcome/index.html.erb (2.0ms)
Completed 200 OK in 5ms (Views: 3.5ms | ActiveRecord: 0.0ms)


Started GET "/courses" for 127.0.0.1 at 2017-11-04 00:38:25 +0800
Processing by CoursesController#index as HTML
  Rendering courses/index.html.erb within layouts/application
  [1m[36mCourse Load (0.1ms)[0m  [1m[34mSELECT "courses".* FROM "courses"[0m
  Rendered courses/index.html.erb within layouts/application (2.3ms)
Completed 200 OK in 24ms (Views: 17.9ms | ActiveRecord: 0.4ms)


Started GET "/courses" for 127.0.0.1 at 2017-11-04 00:38:28 +0800
Processing by CoursesController#index as HTML
  Rendering courses/index.html.erb within layouts/application
  [1m[36mCourse Load (0.1ms)[0m  [1m[34mSELECT "courses".* FROM "courses"[0m
  Rendered courses/index.html.erb within layouts/application (1.3ms)
Completed 200 OK in 27ms (Views: 24.9ms | ActiveRecord: 0.1ms)


Started GET "/courses/new" for 127.0.0.1 at 2017-11-04 00:38:49 +0800
Processing by CoursesController#new as HTML
  Rendering courses/new.html.erb within layouts/application
  Rendered courses/_form.html.erb (13.4ms)
  Rendered courses/new.html.erb within layouts/application (15.3ms)
Completed 200 OK in 50ms (Views: 31.9ms | ActiveRecord: 0.9ms)


Started POST "/courses" for 127.0.0.1 at 2017-11-04 00:45:19 +0800
Processing by CoursesController#create as HTML
  Parameters: {"utf8"=>"âœ“", "authenticity_token"=>"qK9Fmf+mn3b4TVSuKnQLt+/CEXRKiCUUkSd9YTdP4dpXfyr0tQK6y1k32qaTbgWz3tsfymThW8J9H/Cv4D9kLQ==", "course"=>{"name"=>"é«˜çº§è½¯ä»¶å·¥ç¨‹", "course_code"=>"091M4021H-2", "course_type"=>"ä¸€çº§å­¦ç§‘æ ¸å¿ƒè¯¾", "teaching_type"=>"è¯¾å ‚è®²æŽˆ", "exam_type"=>"é—­å·", "credit"=>"3.0", "limit_num"=>"200", "student_num"=>"180", "classroom"=>"æ•™1-207", "course_time"=>"å‘¨ä¸€ä¸‰å››èŠ‚", "course_week"=>"2-17å‘¨"}, "commit"=>"Create Course"}
  [1m[35m (0.1ms)[0m  [1m[36mbegin transaction[0m
  [1m[35mSQL (0.4ms)[0m  [1m[32mINSERT INTO "courses" ("name", "course_code", "course_type", "teaching_type", "exam_type", "credit", "limit_num", "student_num", "classroom", "course_time", "course_week", "created_at", "updated_at") VALUES (?, ?, ?, ?, ?, ?, ?, ?, ?, ?, ?, ?, ?)[0m  [["name", "é«˜çº§è½¯ä»¶å·¥ç¨‹"], ["course_code", "091M4021H-2"], ["course_type", "ä¸€çº§å­¦ç§‘æ ¸å¿ƒè¯¾"], ["teaching_type", "è¯¾å ‚è®²æŽˆ"], ["exam_type", "é—­å·"], ["credit", "3.0"], ["limit_num", 200], ["student_num", 180], ["classroom", "æ•™1-207"], ["course_time", "å‘¨ä¸€ä¸‰å››èŠ‚"], ["course_week", "2-17å‘¨"], ["created_at", "2017-11-03 16:45:19.921678"], ["updated_at", "2017-11-03 16:45:19.921678"]]
  [1m[35m (0.5ms)[0m  [1m[36mcommit transaction[0m
Redirected to http://localhost:3000/courses/1
Completed 302 Found in 4ms (ActiveRecord: 0.9ms)


Started GET "/courses/1" for 127.0.0.1 at 2017-11-04 00:45:19 +0800
Processing by CoursesController#show as HTML
  Parameters: {"id"=>"1"}
  [1m[36mCourse Load (0.2ms)[0m  [1m[34mSELECT  "courses".* FROM "courses" WHERE "courses"."id" = ? LIMIT ?[0m  [["id", 1], ["LIMIT", 1]]
  Rendering courses/show.html.erb within layouts/application
  Rendered courses/show.html.erb within layouts/application (0.7ms)
Completed 200 OK in 19ms (Views: 13.2ms | ActiveRecord: 0.2ms)


Started GET "/courses" for 127.0.0.1 at 2017-11-04 00:45:30 +0800
Processing by CoursesController#index as HTML
  Rendering courses/index.html.erb within layouts/application
  [1m[36mCourse Load (0.2ms)[0m  [1m[34mSELECT "courses".* FROM "courses"[0m
  Rendered courses/index.html.erb within layouts/application (1.8ms)
Completed 200 OK in 26ms (Views: 20.8ms | ActiveRecord: 0.2ms)


Started GET "/courses/1" for 127.0.0.1 at 2017-11-04 00:46:22 +0800
Processing by CoursesController#show as HTML
  Parameters: {"id"=>"1"}
  [1m[36mCourse Load (0.8ms)[0m  [1m[34mSELECT  "courses".* FROM "courses" WHERE "courses"."id" = ? LIMIT ?[0m  [["id", 1], ["LIMIT", 1]]
  Rendering courses/show.html.erb within layouts/application
  Rendered courses/show.html.erb within layouts/application (1.0ms)
Completed 200 OK in 32ms (Views: 26.9ms | ActiveRecord: 0.8ms)


Started GET "/courses/new" for 127.0.0.1 at 2017-11-04 01:44:23 +0800
Processing by CoursesController#new as HTML
  Rendering courses/new.html.erb within layouts/application
  Rendered courses/_form.html.erb (5.2ms)
  Rendered courses/new.html.erb within layouts/application (6.7ms)
Completed 200 OK in 31ms (Views: 27.7ms | ActiveRecord: 0.0ms)


Started POST "/courses" for 127.0.0.1 at 2017-11-04 01:48:14 +0800
Processing by CoursesController#create as HTML
  Parameters: {"utf8"=>"âœ“", "authenticity_token"=>"v+WVdDeToMQSq4IWlDf5Z5YiS1XWMhJVVmk1S7ANB7tANfoZfTeFebPRDB4tLfdjpztF6/hbbIO6UbiFZ32CTA==", "course"=>{"name"=>"æ“ä½œç³»ç»Ÿé«˜çº§æ•™ç¨‹", "course_code"=>"091M5025H", "course_type"=>"ä¸“ä¸šé€‰ä¿®è¯¾", "teaching_type"=>"è¯¾å ‚è®²æŽˆä¸ºä¸»", "exam_type"=>"é—­å·", "credit"=>"2.0", "limit_num"=>"200", "student_num"=>"190", "classroom"=>"æ•™ä¸€101", "course_time"=>"å‘¨ä¸€78èŠ‚", "course_week"=>"2-13å‘¨"}, "commit"=>"Create Course"}
  [1m[35m (0.1ms)[0m  [1m[36mbegin transaction[0m
  [1m[35mSQL (0.3ms)[0m  [1m[32mINSERT INTO "courses" ("name", "course_code", "course_type", "teaching_type", "exam_type", "credit", "limit_num", "student_num", "classroom", "course_time", "course_week", "created_at", "updated_at") VALUES (?, ?, ?, ?, ?, ?, ?, ?, ?, ?, ?, ?, ?)[0m  [["name", "æ“ä½œç³»ç»Ÿé«˜çº§æ•™ç¨‹"], ["course_code", "091M5025H"], ["course_type", "ä¸“ä¸šé€‰ä¿®è¯¾"], ["teaching_type", "è¯¾å ‚è®²æŽˆä¸ºä¸»"], ["exam_type", "é—­å·"], ["credit", "2.0"], ["limit_num", 200], ["student_num", 190], ["classroom", "æ•™ä¸€101"], ["course_time", "å‘¨ä¸€78èŠ‚"], ["course_week", "2-13å‘¨"], ["created_at", "2017-11-03 17:48:14.715429"], ["updated_at", "2017-11-03 17:48:14.715429"]]
  [1m[35m (2.4ms)[0m  [1m[36mcommit transaction[0m
Redirected to http://localhost:3000/courses/2
Completed 302 Found in 6ms (ActiveRecord: 2.7ms)


Started GET "/courses/2" for 127.0.0.1 at 2017-11-04 01:48:14 +0800
Processing by CoursesController#show as HTML
  Parameters: {"id"=>"2"}
  [1m[36mCourse Load (0.1ms)[0m  [1m[34mSELECT  "courses".* FROM "courses" WHERE "courses"."id" = ? LIMIT ?[0m  [["id", 2], ["LIMIT", 1]]
  Rendering courses/show.html.erb within layouts/application
  Rendered courses/show.html.erb within layouts/application (1.0ms)
Completed 200 OK in 17ms (Views: 15.0ms | ActiveRecord: 0.1ms)


Started GET "/courses/2/edit" for 127.0.0.1 at 2017-11-04 01:48:36 +0800
Processing by CoursesController#edit as HTML
  Parameters: {"id"=>"2"}
  [1m[36mCourse Load (0.3ms)[0m  [1m[34mSELECT  "courses".* FROM "courses" WHERE "courses"."id" = ? LIMIT ?[0m  [["id", 2], ["LIMIT", 1]]
  Rendering courses/edit.html.erb within layouts/application
  Rendered courses/_form.html.erb (4.7ms)
  Rendered courses/edit.html.erb within layouts/application (6.1ms)
Completed 200 OK in 27ms (Views: 20.7ms | ActiveRecord: 0.3ms)


Started GET "/courses" for 127.0.0.1 at 2017-11-04 01:49:37 +0800
Processing by CoursesController#index as HTML
  Rendering courses/index.html.erb within layouts/application
  [1m[36mCourse Load (0.1ms)[0m  [1m[34mSELECT "courses".* FROM "courses"[0m
  Rendered courses/index.html.erb within layouts/application (1.7ms)
Completed 200 OK in 19ms (Views: 16.6ms | ActiveRecord: 0.1ms)


Started GET "/courses/1" for 127.0.0.1 at 2017-11-04 01:49:41 +0800
Processing by CoursesController#show as HTML
  Parameters: {"id"=>"1"}
  [1m[36mCourse Load (0.2ms)[0m  [1m[34mSELECT  "courses".* FROM "courses" WHERE "courses"."id" = ? LIMIT ?[0m  [["id", 1], ["LIMIT", 1]]
  Rendering courses/show.html.erb within layouts/application
  Rendered courses/show.html.erb within layouts/application (0.9ms)
Completed 200 OK in 24ms (Views: 18.4ms | ActiveRecord: 0.2ms)


Started GET "/courses" for 127.0.0.1 at 2017-11-04 01:49:45 +0800
Processing by CoursesController#index as HTML
  Rendering courses/index.html.erb within layouts/application
  [1m[36mCourse Load (0.2ms)[0m  [1m[34mSELECT "courses".* FROM "courses"[0m
  Rendered courses/index.html.erb within layouts/application (2.6ms)
Completed 200 OK in 30ms (Views: 25.0ms | ActiveRecord: 0.2ms)


Started DELETE "/courses/2" for 127.0.0.1 at 2017-11-04 01:50:38 +0800
Processing by CoursesController#destroy as HTML
  Parameters: {"authenticity_token"=>"Jf8lBNddSNK/kq7Ou+j1iSOUUFl5AuEQNEpZmJavzWIln7WRfjH5HOtp/dpWOuZ+gZGwvt32AXU9Xr/w4+yEzg==", "id"=>"2"}
  [1m[36mCourse Load (0.1ms)[0m  [1m[34mSELECT  "courses".* FROM "courses" WHERE "courses"."id" = ? LIMIT ?[0m  [["id", 2], ["LIMIT", 1]]
  [1m[35m (0.0ms)[0m  [1m[36mbegin transaction[0m
  [1m[35mSQL (0.3ms)[0m  [1m[31mDELETE FROM "courses" WHERE "courses"."id" = ?[0m  [["id", 2]]
  [1m[35m (2.2ms)[0m  [1m[36mcommit transaction[0m
Redirected to http://localhost:3000/courses
Completed 302 Found in 5ms (ActiveRecord: 2.6ms)


Started GET "/courses" for 127.0.0.1 at 2017-11-04 01:50:38 +0800
Processing by CoursesController#index as HTML
  Rendering courses/index.html.erb within layouts/application
  [1m[36mCourse Load (0.2ms)[0m  [1m[34mSELECT "courses".* FROM "courses"[0m
  Rendered courses/index.html.erb within layouts/application (1.6ms)
Completed 200 OK in 17ms (Views: 15.6ms | ActiveRecord: 0.2ms)


Started GET "/courses" for 127.0.0.1 at 2017-11-04 01:50:53 +0800
Processing by CoursesController#index as HTML
  Rendering courses/index.html.erb within layouts/application
  [1m[36mCourse Load (0.2ms)[0m  [1m[34mSELECT "courses".* FROM "courses"[0m
  Rendered courses/index.html.erb within layouts/application (1.6ms)
Completed 200 OK in 18ms (Views: 16.2ms | ActiveRecord: 0.2ms)


